{
  "0 debug pnpm:scope": {
    "selected": 1
  },
  "1 error pnpm": {
    "code": "ELIFECYCLE",
    "errno": "ENOENT",
    "syscall": "spawn",
    "file": "sh",
    "pkgid": "o-data-grid@0.1.0",
    "stage": "build",
    "script": "rollup -c ./rollup.config.js",
    "pkgname": "o-data-grid",
    "err": {
      "name": "pnpm",
      "message": "o-data-grid@0.1.0 build: `rollup -c ./rollup.config.js`\nspawn ENOENT",
      "code": "ELIFECYCLE",
      "stack": "pnpm: o-data-grid@0.1.0 build: `rollup -c ./rollup.config.js`\nspawn ENOENT\n    at ChildProcess.<anonymous> (/usr/local/pnpm-global/5/node_modules/.pnpm/pnpm@6.24.2/node_modules/pnpm/dist/pnpm.cjs:91775:22)\n    at ChildProcess.emit (node:events:390:28)\n    at maybeClose (node:internal/child_process:1064:16)\n    at Process.ChildProcess._handle.onexit (node:internal/child_process:301:5)"
    }
  },
  "2 warn pnpm:global": " Local package.json exists, but node_modules missing, did you mean to install?"
}